c:\users\user\desktop\cli_poketmon (02.15) new\x64\debug\vc143.pdb
c:\users\user\desktop\cli_poketmon (02.15) new\x64\debug\vc143.idb
c:\users\user\desktop\cli_poketmon (02.15) new\x64\debug\tinyxml2.obj
c:\users\user\desktop\cli_poketmon (02.15) new\x64\debug\skill.obj
c:\users\user\desktop\cli_poketmon (02.15) new\x64\debug\poketmon.obj
c:\users\user\desktop\cli_poketmon (02.15) new\x64\debug\player.obj
c:\users\user\desktop\cli_poketmon (02.15) new\x64\debug\main.obj
c:\users\user\desktop\cli_poketmon (02.15) new\x64\debug\item.obj
c:\users\user\desktop\cli_poketmon (02.15) new\x64\debug\gameinfo.obj
c:\users\user\desktop\cli_poketmon (02.15) new\x64\debug\character.obj
c:\users\user\desktop\cli_poketmon (02.15) new\x64\debug\rhythmgame.obj
c:\users\user\desktop\cli_poketmon (02.15) new\x64\debug\cli_poketmon.exe
c:\users\user\desktop\cli_poketmon (02.15) new\x64\debug\cli_poketmon.ilk
c:\users\user\desktop\cli_poketmon (02.15) new\x64\debug\cli_poketmon.pdb
c:\users\user\desktop\cli_poketmon (02.15) new\x64\debug\cli_poketmon.tlog\cl.command.1.tlog
c:\users\user\desktop\cli_poketmon (02.15) new\x64\debug\cli_poketmon.tlog\cl.items.tlog
c:\users\user\desktop\cli_poketmon (02.15) new\x64\debug\cli_poketmon.tlog\cl.read.1.tlog
c:\users\user\desktop\cli_poketmon (02.15) new\x64\debug\cli_poketmon.tlog\cl.write.1.tlog
c:\users\user\desktop\cli_poketmon (02.15) new\x64\debug\cli_poketmon.tlog\link.command.1.tlog
c:\users\user\desktop\cli_poketmon (02.15) new\x64\debug\cli_poketmon.tlog\link.read.1.tlog
c:\users\user\desktop\cli_poketmon (02.15) new\x64\debug\cli_poketmon.tlog\link.write.1.tlog
