c:\users\bhwan\onedrive\바탕 화면\자료\모블\프로젝트\3. cli포켓몬\cli_poketmon_final\cli_poketmon\x64\debug\vc143.pdb
c:\users\bhwan\onedrive\바탕 화면\자료\모블\프로젝트\3. cli포켓몬\cli_poketmon_final\cli_poketmon\x64\debug\vc143.idb
c:\users\bhwan\onedrive\바탕 화면\자료\모블\프로젝트\3. cli포켓몬\cli_poketmon_final\cli_poketmon\x64\debug\skill.obj
c:\users\bhwan\onedrive\바탕 화면\자료\모블\프로젝트\3. cli포켓몬\cli_poketmon_final\cli_poketmon\x64\debug\rhythmgame.obj
c:\users\bhwan\onedrive\바탕 화면\자료\모블\프로젝트\3. cli포켓몬\cli_poketmon_final\cli_poketmon\x64\debug\poketmon.obj
c:\users\bhwan\onedrive\바탕 화면\자료\모블\프로젝트\3. cli포켓몬\cli_poketmon_final\cli_poketmon\x64\debug\player.obj
c:\users\bhwan\onedrive\바탕 화면\자료\모블\프로젝트\3. cli포켓몬\cli_poketmon_final\cli_poketmon\x64\debug\main.obj
c:\users\bhwan\onedrive\바탕 화면\자료\모블\프로젝트\3. cli포켓몬\cli_poketmon_final\cli_poketmon\x64\debug\item.obj
c:\users\bhwan\onedrive\바탕 화면\자료\모블\프로젝트\3. cli포켓몬\cli_poketmon_final\cli_poketmon\x64\debug\gameinfo.obj
c:\users\bhwan\onedrive\바탕 화면\자료\모블\프로젝트\3. cli포켓몬\cli_poketmon_final\x64\debug\cli_poketmon.exe
c:\users\bhwan\onedrive\바탕 화면\자료\모블\프로젝트\3. cli포켓몬\cli_poketmon_final\x64\debug\cli_poketmon.pdb
c:\users\bhwan\onedrive\바탕 화면\자료\모블\프로젝트\3. cli포켓몬\cli_poketmon_final\cli_poketmon\x64\debug\cli_poketmon.ilk
c:\codework\cli_poketmon_final\cli_poketmon\x64\debug\gameinfo.obj
c:\codework\cli_poketmon_final\cli_poketmon\x64\debug\item.obj
c:\codework\cli_poketmon_final\cli_poketmon\x64\debug\main.obj
c:\codework\cli_poketmon_final\cli_poketmon\x64\debug\player.obj
c:\codework\cli_poketmon_final\cli_poketmon\x64\debug\poketmon.obj
c:\codework\cli_poketmon_final\cli_poketmon\x64\debug\rhythmgame.obj
c:\codework\cli_poketmon_final\cli_poketmon\x64\debug\skill.obj
c:\codework\cli_poketmon_final\cli_poketmon\x64\debug\cli_poketmon.ilk
c:\codework\cli_poketmon_final\cli_poketmon\x64\debug\vc143.idb
c:\codework\cli_poketmon_final\cli_poketmon\x64\debug\vc143.pdb
c:\codework\cli_poketmon_final\x64\debug\cli_poketmon.pdb
c:\codework\cli_poketmon_final\x64\debug\cli_poketmon.exe
c:\codework\cli_poketmon_final\x64\debug\cli_poketmon.ilk
c:\codework\cli_poketmon_final\cli_poketmon\x64\debug\cli_poketmon.tlog\cl.command.1.tlog
c:\codework\cli_poketmon_final\cli_poketmon\x64\debug\cli_poketmon.tlog\cl.items.tlog
c:\codework\cli_poketmon_final\cli_poketmon\x64\debug\cli_poketmon.tlog\cl.read.1.tlog
c:\codework\cli_poketmon_final\cli_poketmon\x64\debug\cli_poketmon.tlog\cl.write.1.tlog
c:\codework\cli_poketmon_final\cli_poketmon\x64\debug\cli_poketmon.tlog\link.command.1.tlog
c:\codework\cli_poketmon_final\cli_poketmon\x64\debug\cli_poketmon.tlog\link.read.1.tlog
c:\codework\cli_poketmon_final\cli_poketmon\x64\debug\cli_poketmon.tlog\link.secondary.1.tlog
c:\codework\cli_poketmon_final\cli_poketmon\x64\debug\cli_poketmon.tlog\link.write.1.tlog
